{"C:\\Users\\asus\\OneDrive\\Bureau\\ynov-master2\\deploiment\\my-registration-app\\app\\src\\App.js": {"path":"C:\\Users\\asus\\OneDrive\\Bureau\\ynov-master2\\deploiment\\my-registration-app\\app\\src\\App.js","statementMap":{"0":{"start":{"line":7,"column":36},"end":{"line":7,"column":47}},"1":{"start":{"line":9,"column":2},"end":{"line":20,"column":8}},"2":{"start":{"line":10,"column":23},"end":{"line":17,"column":5}},"3":{"start":{"line":11,"column":6},"end":{"line":16,"column":7}},"4":{"start":{"line":12,"column":20},"end":{"line":12,"column":38}},"5":{"start":{"line":13,"column":8},"end":{"line":13,"column":28}},"6":{"start":{"line":15,"column":8},"end":{"line":15,"column":29}},"7":{"start":{"line":19,"column":4},"end":{"line":19,"column":16}},"8":{"start":{"line":22,"column":2},"end":{"line":33,"column":4}}},"fnMap":{"0":{"name":"App","decl":{"start":{"line":6,"column":9},"end":{"line":6,"column":12}},"loc":{"start":{"line":6,"column":15},"end":{"line":34,"column":1}},"line":6},"1":{"name":"(anonymous_1)","decl":{"start":{"line":9,"column":12},"end":{"line":9,"column":13}},"loc":{"start":{"line":9,"column":18},"end":{"line":20,"column":3}},"line":9},"2":{"name":"(anonymous_2)","decl":{"start":{"line":10,"column":23},"end":{"line":10,"column":24}},"loc":{"start":{"line":10,"column":35},"end":{"line":17,"column":5}},"line":10}},"branchMap":{},"s":{"0":0,"1":0,"2":0,"3":0,"4":0,"5":0,"6":0,"7":0,"8":0},"f":{"0":0,"1":0,"2":0},"b":{}}
,"C:\\Users\\asus\\OneDrive\\Bureau\\ynov-master2\\deploiment\\my-registration-app\\app\\src\\api.js": {"path":"C:\\Users\\asus\\OneDrive\\Bureau\\ynov-master2\\deploiment\\my-registration-app\\app\\src\\api.js","statementMap":{"0":{"start":{"line":2,"column":13},"end":{"line":2,"column":46}},"1":{"start":{"line":3,"column":12},"end":{"line":3,"column":38}},"2":{"start":{"line":4,"column":26},"end":{"line":12,"column":1}},"3":{"start":{"line":5,"column":4},"end":{"line":11,"column":5}},"4":{"start":{"line":6,"column":25},"end":{"line":6,"column":56}},"5":{"start":{"line":7,"column":8},"end":{"line":7,"column":49}},"6":{"start":{"line":9,"column":8},"end":{"line":9,"column":29}},"7":{"start":{"line":10,"column":8},"end":{"line":10,"column":20}}},"fnMap":{"0":{"name":"(anonymous_0)","decl":{"start":{"line":4,"column":26},"end":{"line":4,"column":27}},"loc":{"start":{"line":4,"column":38},"end":{"line":12,"column":1}},"line":4}},"branchMap":{},"s":{"0":1,"1":1,"2":1,"3":2,"4":2,"5":1,"6":1,"7":1},"f":{"0":2},"b":{},"_coverageSchema":"1a1c01bbd47fc00a2c39e90264f33305004495a9","hash":"dbf78720ea86699b485f7472e114d9d76a987846"}
}
