{"C:\\Users\\asus\\OneDrive\\Bureau\\ynov-master2\\deploiment\\my-registration-app\\src\\App.js": {"path":"C:\\Users\\asus\\OneDrive\\Bureau\\ynov-master2\\deploiment\\my-registration-app\\src\\App.js","statementMap":{"0":{"start":{"line":5,"column":36},"end":{"line":5,"column":47}},"1":{"start":{"line":7,"column":2},"end":{"line":18,"column":8}},"2":{"start":{"line":8,"column":23},"end":{"line":15,"column":5}},"3":{"start":{"line":9,"column":6},"end":{"line":14,"column":7}},"4":{"start":{"line":10,"column":20},"end":{"line":10,"column":38}},"5":{"start":{"line":11,"column":8},"end":{"line":11,"column":28}},"6":{"start":{"line":13,"column":8},"end":{"line":13,"column":29}},"7":{"start":{"line":17,"column":4},"end":{"line":17,"column":16}},"8":{"start":{"line":20,"column":2},"end":{"line":27,"column":4}}},"fnMap":{"0":{"name":"App","decl":{"start":{"line":4,"column":9},"end":{"line":4,"column":12}},"loc":{"start":{"line":4,"column":15},"end":{"line":28,"column":1}},"line":4},"1":{"name":"(anonymous_1)","decl":{"start":{"line":7,"column":12},"end":{"line":7,"column":13}},"loc":{"start":{"line":7,"column":18},"end":{"line":18,"column":3}},"line":7},"2":{"name":"(anonymous_2)","decl":{"start":{"line":8,"column":23},"end":{"line":8,"column":24}},"loc":{"start":{"line":8,"column":35},"end":{"line":15,"column":5}},"line":8}},"branchMap":{},"s":{"0":0,"1":0,"2":0,"3":0,"4":0,"5":0,"6":0,"7":0,"8":0},"f":{"0":0,"1":0,"2":0},"b":{}}
,"C:\\Users\\asus\\OneDrive\\Bureau\\ynov-master2\\deploiment\\my-registration-app\\src\\api.js": {"path":"C:\\Users\\asus\\OneDrive\\Bureau\\ynov-master2\\deploiment\\my-registration-app\\src\\api.js","statementMap":{"0":{"start":{"line":2,"column":13},"end":{"line":2,"column":46}},"1":{"start":{"line":3,"column":12},"end":{"line":3,"column":38}},"2":{"start":{"line":4,"column":26},"end":{"line":12,"column":1}},"3":{"start":{"line":5,"column":4},"end":{"line":11,"column":5}},"4":{"start":{"line":6,"column":25},"end":{"line":6,"column":56}},"5":{"start":{"line":7,"column":8},"end":{"line":7,"column":49}},"6":{"start":{"line":9,"column":8},"end":{"line":9,"column":29}},"7":{"start":{"line":10,"column":8},"end":{"line":10,"column":20}}},"fnMap":{"0":{"name":"(anonymous_0)","decl":{"start":{"line":4,"column":26},"end":{"line":4,"column":27}},"loc":{"start":{"line":4,"column":38},"end":{"line":12,"column":1}},"line":4}},"branchMap":{},"s":{"0":1,"1":1,"2":1,"3":2,"4":2,"5":1,"6":1,"7":1},"f":{"0":2},"b":{},"_coverageSchema":"1a1c01bbd47fc00a2c39e90264f33305004495a9","hash":"9022068f30b064e13abe105cec41618ac5e541cc"}
,"C:\\Users\\asus\\OneDrive\\Bureau\\ynov-master2\\deploiment\\my-registration-app\\src\\components\\Form.js": {"path":"C:\\Users\\asus\\OneDrive\\Bureau\\ynov-master2\\deploiment\\my-registration-app\\src\\components\\Form.js","statementMap":{"0":{"start":{"line":31,"column":13},"end":{"line":215,"column":1}},"1":{"start":{"line":32,"column":36},"end":{"line":39,"column":6}},"2":{"start":{"line":41,"column":32},"end":{"line":47,"column":6}},"3":{"start":{"line":53,"column":25},"end":{"line":61,"column":5}},"4":{"start":{"line":54,"column":8},"end":{"line":60,"column":10}},"5":{"start":{"line":67,"column":31},"end":{"line":84,"column":5}},"6":{"start":{"line":68,"column":8},"end":{"line":83,"column":9}},"7":{"start":{"line":70,"column":31},"end":{"line":70,"column":81}},"8":{"start":{"line":73,"column":12},"end":{"line":73,"column":38}},"9":{"start":{"line":76,"column":12},"end":{"line":76,"column":73}},"10":{"start":{"line":79,"column":12},"end":{"line":79,"column":95}},"11":{"start":{"line":82,"column":12},"end":{"line":82,"column":119}},"12":{"start":{"line":91,"column":25},"end":{"line":119,"column":5}},"13":{"start":{"line":92,"column":8},"end":{"line":92,"column":27}},"14":{"start":{"line":94,"column":26},"end":{"line":94,"column":40}},"15":{"start":{"line":96,"column":8},"end":{"line":96,"column":29}},"16":{"start":{"line":98,"column":8},"end":{"line":118,"column":9}},"17":{"start":{"line":98,"column":53},"end":{"line":98,"column":65}},"18":{"start":{"line":100,"column":12},"end":{"line":100,"column":107}},"19":{"start":{"line":103,"column":12},"end":{"line":103,"column":33}},"20":{"start":{"line":107,"column":12},"end":{"line":107,"column":73}},"21":{"start":{"line":110,"column":12},"end":{"line":117,"column":15}},"22":{"start":{"line":121,"column":4},"end":{"line":214,"column":6}},"23":{"start":{"line":145,"column":37},"end":{"line":145,"column":92}},"24":{"start":{"line":155,"column":37},"end":{"line":155,"column":91}},"25":{"start":{"line":165,"column":37},"end":{"line":165,"column":88}},"26":{"start":{"line":176,"column":37},"end":{"line":176,"column":94}},"27":{"start":{"line":189,"column":37},"end":{"line":189,"column":87}},"28":{"start":{"line":197,"column":37},"end":{"line":197,"column":93}},"29":{"start":{"line":207,"column":70},"end":{"line":207,"column":82}}},"fnMap":{"0":{"name":"(anonymous_0)","decl":{"start":{"line":31,"column":13},"end":{"line":31,"column":14}},"loc":{"start":{"line":31,"column":19},"end":{"line":215,"column":1}},"line":31},"1":{"name":"(anonymous_1)","decl":{"start":{"line":53,"column":25},"end":{"line":53,"column":26}},"loc":{"start":{"line":53,"column":31},"end":{"line":61,"column":5}},"line":53},"2":{"name":"(anonymous_2)","decl":{"start":{"line":67,"column":31},"end":{"line":67,"column":32}},"loc":{"start":{"line":67,"column":37},"end":{"line":84,"column":5}},"line":67},"3":{"name":"(anonymous_3)","decl":{"start":{"line":91,"column":25},"end":{"line":91,"column":26}},"loc":{"start":{"line":91,"column":32},"end":{"line":119,"column":5}},"line":91},"4":{"name":"(anonymous_4)","decl":{"start":{"line":98,"column":42},"end":{"line":98,"column":43}},"loc":{"start":{"line":98,"column":53},"end":{"line":98,"column":65}},"line":98},"5":{"name":"(anonymous_5)","decl":{"start":{"line":145,"column":30},"end":{"line":145,"column":31}},"loc":{"start":{"line":145,"column":37},"end":{"line":145,"column":92}},"line":145},"6":{"name":"(anonymous_6)","decl":{"start":{"line":155,"column":30},"end":{"line":155,"column":31}},"loc":{"start":{"line":155,"column":37},"end":{"line":155,"column":91}},"line":155},"7":{"name":"(anonymous_7)","decl":{"start":{"line":165,"column":30},"end":{"line":165,"column":31}},"loc":{"start":{"line":165,"column":37},"end":{"line":165,"column":88}},"line":165},"8":{"name":"(anonymous_8)","decl":{"start":{"line":176,"column":30},"end":{"line":176,"column":31}},"loc":{"start":{"line":176,"column":37},"end":{"line":176,"column":94}},"line":176},"9":{"name":"(anonymous_9)","decl":{"start":{"line":189,"column":30},"end":{"line":189,"column":31}},"loc":{"start":{"line":189,"column":37},"end":{"line":189,"column":87}},"line":189},"10":{"name":"(anonymous_10)","decl":{"start":{"line":197,"column":30},"end":{"line":197,"column":31}},"loc":{"start":{"line":197,"column":37},"end":{"line":197,"column":93}},"line":197},"11":{"name":"(anonymous_11)","decl":{"start":{"line":207,"column":59},"end":{"line":207,"column":60}},"loc":{"start":{"line":207,"column":70},"end":{"line":207,"column":82}},"line":207}},"branchMap":{"0":{"loc":{"start":{"line":70,"column":31},"end":{"line":70,"column":81}},"type":"binary-expr","locations":[{"start":{"line":70,"column":31},"end":{"line":70,"column":75}},{"start":{"line":70,"column":79},"end":{"line":70,"column":81}}],"line":70},"1":{"loc":{"start":{"line":98,"column":8},"end":{"line":118,"column":9}},"type":"if","locations":[{"start":{"line":98,"column":8},"end":{"line":118,"column":9}},{"start":{"line":101,"column":15},"end":{"line":118,"column":9}}],"line":98}},"s":{"0":1,"1":32,"2":32,"3":32,"4":3,"5":32,"6":2,"7":2,"8":2,"9":2,"10":1,"11":1,"12":32,"13":3,"14":3,"15":3,"16":3,"17":11,"18":1,"19":2,"20":2,"21":2,"22":32,"23":4,"24":4,"25":4,"26":4,"27":4,"28":4,"29":97},"f":{"0":32,"1":3,"2":2,"3":3,"4":11,"5":4,"6":4,"7":4,"8":4,"9":4,"10":4,"11":97},"b":{"0":[2,1],"1":[1,2]},"_coverageSchema":"1a1c01bbd47fc00a2c39e90264f33305004495a9","hash":"570d46229f8438cf809c9010e7536da43b08bcd9"}
,"C:\\Users\\asus\\OneDrive\\Bureau\\ynov-master2\\deploiment\\my-registration-app\\src\\utils\\calculateAge.js": {"path":"C:\\Users\\asus\\OneDrive\\Bureau\\ynov-master2\\deploiment\\my-registration-app\\src\\utils\\calculateAge.js","statementMap":{"0":{"start":{"line":9,"column":4},"end":{"line":11,"column":5}},"1":{"start":{"line":10,"column":8},"end":{"line":10,"column":47}},"2":{"start":{"line":13,"column":4},"end":{"line":15,"column":5}},"3":{"start":{"line":14,"column":8},"end":{"line":14,"column":84}},"4":{"start":{"line":16,"column":4},"end":{"line":17,"column":89}},"5":{"start":{"line":17,"column":8},"end":{"line":17,"column":89}},"6":{"start":{"line":19,"column":21},"end":{"line":19,"column":45}},"7":{"start":{"line":20,"column":16},"end":{"line":20,"column":58}},"8":{"start":{"line":22,"column":4},"end":{"line":22,"column":15}}},"fnMap":{"0":{"name":"calculateAge","decl":{"start":{"line":8,"column":16},"end":{"line":8,"column":28}},"loc":{"start":{"line":8,"column":32},"end":{"line":23,"column":1}},"line":8}},"branchMap":{"0":{"loc":{"start":{"line":9,"column":4},"end":{"line":11,"column":5}},"type":"if","locations":[{"start":{"line":9,"column":4},"end":{"line":11,"column":5}},{"start":{},"end":{}}],"line":9},"1":{"loc":{"start":{"line":13,"column":4},"end":{"line":15,"column":5}},"type":"if","locations":[{"start":{"line":13,"column":4},"end":{"line":15,"column":5}},{"start":{},"end":{}}],"line":13},"2":{"loc":{"start":{"line":16,"column":4},"end":{"line":17,"column":89}},"type":"if","locations":[{"start":{"line":16,"column":4},"end":{"line":17,"column":89}},{"start":{},"end":{}}],"line":16}},"s":{"0":13,"1":1,"2":12,"3":2,"4":10,"5":2,"6":8,"7":8,"8":8},"f":{"0":13},"b":{"0":[1,12],"1":[2,10],"2":[2,8]},"_coverageSchema":"1a1c01bbd47fc00a2c39e90264f33305004495a9","hash":"64f16339a2a13d871533a87736cb0bf2dda6a27d"}
,"C:\\Users\\asus\\OneDrive\\Bureau\\ynov-master2\\deploiment\\my-registration-app\\src\\utils\\user.js": {"path":"C:\\Users\\asus\\OneDrive\\Bureau\\ynov-master2\\deploiment\\my-registration-app\\src\\utils\\user.js","statementMap":{"0":{"start":{"line":3,"column":16},"end":{"line":13,"column":1}},"1":{"start":{"line":4,"column":2},"end":{"line":12,"column":3}},"2":{"start":{"line":6,"column":21},"end":{"line":6,"column":78}},"3":{"start":{"line":7,"column":4},"end":{"line":7,"column":25}},"4":{"start":{"line":10,"column":4},"end":{"line":10,"column":35}},"5":{"start":{"line":11,"column":4},"end":{"line":11,"column":42}}},"fnMap":{"0":{"name":"(anonymous_0)","decl":{"start":{"line":3,"column":16},"end":{"line":3,"column":17}},"loc":{"start":{"line":3,"column":36},"end":{"line":13,"column":1}},"line":3}},"branchMap":{},"s":{"0":0,"1":0,"2":0,"3":0,"4":0,"5":0},"f":{"0":0},"b":{}}
,"C:\\Users\\asus\\OneDrive\\Bureau\\ynov-master2\\deploiment\\my-registration-app\\src\\utils\\validation.js": {"path":"C:\\Users\\asus\\OneDrive\\Bureau\\ynov-master2\\deploiment\\my-registration-app\\src\\utils\\validation.js","statementMap":{"0":{"start":{"line":19,"column":28},"end":{"line":21,"column":1}},"1":{"start":{"line":20,"column":2},"end":{"line":20,"column":204}},"2":{"start":{"line":39,"column":29},"end":{"line":41,"column":1}},"3":{"start":{"line":40,"column":2},"end":{"line":40,"column":101}},"4":{"start":{"line":60,"column":27},"end":{"line":71,"column":1}},"5":{"start":{"line":61,"column":2},"end":{"line":70,"column":3}},"6":{"start":{"line":62,"column":16},"end":{"line":62,"column":45}},"7":{"start":{"line":63,"column":4},"end":{"line":67,"column":5}},"8":{"start":{"line":64,"column":6},"end":{"line":64,"column":16}},"9":{"start":{"line":66,"column":6},"end":{"line":66,"column":41}},"10":{"start":{"line":69,"column":4},"end":{"line":69,"column":25}},"11":{"start":{"line":86,"column":34},"end":{"line":88,"column":1}},"12":{"start":{"line":87,"column":2},"end":{"line":87,"column":93}}},"fnMap":{"0":{"name":"(anonymous_0)","decl":{"start":{"line":19,"column":28},"end":{"line":19,"column":29}},"loc":{"start":{"line":19,"column":39},"end":{"line":21,"column":1}},"line":19},"1":{"name":"(anonymous_1)","decl":{"start":{"line":39,"column":29},"end":{"line":39,"column":30}},"loc":{"start":{"line":39,"column":40},"end":{"line":41,"column":1}},"line":39},"2":{"name":"(anonymous_2)","decl":{"start":{"line":60,"column":27},"end":{"line":60,"column":28}},"loc":{"start":{"line":60,"column":38},"end":{"line":71,"column":1}},"line":60},"3":{"name":"(anonymous_3)","decl":{"start":{"line":86,"column":34},"end":{"line":86,"column":35}},"loc":{"start":{"line":86,"column":45},"end":{"line":88,"column":1}},"line":86}},"branchMap":{"0":{"loc":{"start":{"line":20,"column":9},"end":{"line":20,"column":203}},"type":"cond-expr","locations":[{"start":{"line":20,"column":52},"end":{"line":20,"column":54}},{"start":{"line":20,"column":57},"end":{"line":20,"column":203}}],"line":20},"1":{"loc":{"start":{"line":20,"column":57},"end":{"line":20,"column":203}},"type":"cond-expr","locations":[{"start":{"line":20,"column":76},"end":{"line":20,"column":130}},{"start":{"line":20,"column":133},"end":{"line":20,"column":203}}],"line":20},"2":{"loc":{"start":{"line":40,"column":9},"end":{"line":40,"column":100}},"type":"cond-expr","locations":[{"start":{"line":40,"column":52},"end":{"line":40,"column":54}},{"start":{"line":40,"column":57},"end":{"line":40,"column":100}}],"line":40},"3":{"loc":{"start":{"line":63,"column":4},"end":{"line":67,"column":5}},"type":"if","locations":[{"start":{"line":63,"column":4},"end":{"line":67,"column":5}},{"start":{"line":65,"column":11},"end":{"line":67,"column":5}}],"line":63},"4":{"loc":{"start":{"line":87,"column":9},"end":{"line":87,"column":92}},"type":"cond-expr","locations":[{"start":{"line":87,"column":36},"end":{"line":87,"column":38}},{"start":{"line":87,"column":41},"end":{"line":87,"column":92}}],"line":87}},"s":{"0":2,"1":15,"2":2,"3":9,"4":2,"5":6,"6":6,"7":5,"8":3,"9":2,"10":1,"11":2,"12":10},"f":{"0":15,"1":9,"2":6,"3":10},"b":{"0":[8,7],"1":[2,5],"2":[5,4],"3":[3,2],"4":[5,5]},"_coverageSchema":"1a1c01bbd47fc00a2c39e90264f33305004495a9","hash":"957d4cd0de4fc80c2861936a6f240a8acf2c8b16"}
}
