TN:
SF:src\App.js
FN:4,App
FN:7,(anonymous_1)
FN:8,(anonymous_2)
FNF:3
FNH:0
FNDA:0,App
FNDA:0,(anonymous_1)
FNDA:0,(anonymous_2)
DA:5,0
DA:7,0
DA:8,0
DA:9,0
DA:10,0
DA:11,0
DA:13,0
DA:17,0
DA:20,0
LF:9
LH:0
BRF:0
BRH:0
end_of_record
TN:
SF:src\api.js
FN:4,(anonymous_0)
FNF:1
FNH:1
FNDA:2,(anonymous_0)
DA:2,1
DA:3,1
DA:4,1
DA:5,2
DA:6,2
DA:7,1
DA:9,1
DA:10,1
LF:8
LH:8
BRF:0
BRH:0
end_of_record
TN:
SF:src\components\Form.js
FN:31,(anonymous_0)
FN:53,(anonymous_1)
FN:67,(anonymous_2)
FN:91,(anonymous_3)
FN:98,(anonymous_4)
FN:145,(anonymous_5)
FN:155,(anonymous_6)
FN:165,(anonymous_7)
FN:176,(anonymous_8)
FN:189,(anonymous_9)
FN:197,(anonymous_10)
FN:207,(anonymous_11)
FNF:12
FNH:12
FNDA:32,(anonymous_0)
FNDA:3,(anonymous_1)
FNDA:2,(anonymous_2)
FNDA:3,(anonymous_3)
FNDA:11,(anonymous_4)
FNDA:4,(anonymous_5)
FNDA:4,(anonymous_6)
FNDA:4,(anonymous_7)
FNDA:4,(anonymous_8)
FNDA:4,(anonymous_9)
FNDA:4,(anonymous_10)
FNDA:97,(anonymous_11)
DA:31,1
DA:32,32
DA:41,32
DA:53,32
DA:54,3
DA:67,32
DA:68,2
DA:70,2
DA:73,2
DA:76,2
DA:79,1
DA:82,1
DA:91,32
DA:92,3
DA:94,3
DA:96,3
DA:98,11
DA:100,1
DA:103,2
DA:107,2
DA:110,2
DA:121,32
DA:145,4
DA:155,4
DA:165,4
DA:176,4
DA:189,4
DA:197,4
DA:207,97
LF:29
LH:29
BRDA:70,0,0,2
BRDA:70,0,1,1
BRDA:98,1,0,1
BRDA:98,1,1,2
BRF:4
BRH:4
end_of_record
TN:
SF:src\utils\calculateAge.js
FN:8,calculateAge
FNF:1
FNH:1
FNDA:13,calculateAge
DA:9,13
DA:10,1
DA:13,12
DA:14,2
DA:16,10
DA:17,2
DA:19,8
DA:20,8
DA:22,8
LF:9
LH:9
BRDA:9,0,0,1
BRDA:9,0,1,12
BRDA:13,1,0,2
BRDA:13,1,1,10
BRDA:16,2,0,2
BRDA:16,2,1,8
BRF:6
BRH:6
end_of_record
TN:
SF:src\utils\user.js
FN:3,(anonymous_0)
FNF:1
FNH:0
FNDA:0,(anonymous_0)
DA:3,0
DA:4,0
DA:6,0
DA:7,0
DA:10,0
DA:11,0
LF:6
LH:0
BRF:0
BRH:0
end_of_record
TN:
SF:src\utils\validation.js
FN:19,(anonymous_0)
FN:39,(anonymous_1)
FN:60,(anonymous_2)
FN:86,(anonymous_3)
FNF:4
FNH:4
FNDA:15,(anonymous_0)
FNDA:9,(anonymous_1)
FNDA:6,(anonymous_2)
FNDA:10,(anonymous_3)
DA:19,2
DA:20,15
DA:39,2
DA:40,9
DA:60,2
DA:61,6
DA:62,6
DA:63,5
DA:64,3
DA:66,2
DA:69,1
DA:86,2
DA:87,10
LF:13
LH:13
BRDA:20,0,0,8
BRDA:20,0,1,7
BRDA:20,1,0,2
BRDA:20,1,1,5
BRDA:40,2,0,5
BRDA:40,2,1,4
BRDA:63,3,0,3
BRDA:63,3,1,2
BRDA:87,4,0,5
BRDA:87,4,1,5
BRF:10
BRH:10
end_of_record
